<?xml version="1.0" encoding="UTF-8"?>
<testsuite xmlns:xsi="http://www.w3.org/2001/XMLSchema-instance" xsi:noNamespaceSchemaLocation="https://maven.apache.org/surefire/maven-surefire-plugin/xsd/surefire-test-report-3.0.xsd" version="3.0" name="TestSuite" time="34.691" tests="6" errors="0" skipped="3" failures="2">
  <properties>
[...]
</properties>
  <testcase name="LoginWithValidCredentials" classname="Tests.LoginTest" time="14.79"/>
  <testcase name="addActivity" classname="Tests.DashboardTest" time="12.175">
    <failure message="stale element reference: element is not attached to the page document&#10;  (Session info: chrome=75.0.3770.100)&#10;  (Driver info: chromedriver=74.0.3729.6 (255758eccf3d244491b8a1317aa76e1ce10d57e9-refs/branch-heads/3729@{#29}),platform=Mac OS X 10.14.5 x86_64) (WARNING: The server did not provide any stacktrace information)&#10;Command duration or timeout: 0 milliseconds&#10;For documentation on this error, please visit: http://seleniumhq.org/exceptions/stale_element_reference.html&#10;Build info: version: &apos;3.14.0&apos;, revision: &apos;aacccce0&apos;, time: &apos;2018-08-02T20:19:58.91Z&apos;&#10;System info: host: &apos;MBP-17-3435.local&apos;, ip: &apos;fe80:0:0:0:107a:786e:2749:1dca%en0&apos;, os.name: &apos;Mac OS X&apos;, os.arch: &apos;x86_64&apos;, os.version: &apos;10.14.5&apos;, java.version: &apos;12&apos;&#10;Driver info: org.openqa.selenium.chrome.ChromeDriver&#10;Capabilities {acceptInsecureCerts: false, acceptSslCerts: false, applicationCacheEnabled: false, browserConnectionEnabled: false, browserName: chrome, chrome: {chromedriverVersion: 74.0.3729.6 (255758eccf3d24..., userDataDir: /var/folders/vg/t27wqr910qg...}, cssSelectorsEnabled: true, databaseEnabled: false, goog:chromeOptions: {debuggerAddress: localhost:57042}, handlesAlerts: true, hasTouchScreen: false, javascriptEnabled: true, locationContextEnabled: true, mobileEmulationEnabled: false, nativeEvents: true, networkConnectionEnabled: false, pageLoadStrategy: normal, platform: MAC, platformName: MAC, proxy: Proxy(), rotatable: false, setWindowRect: true, strictFileInteractability: false, takesHeapSnapshot: true, takesScreenshot: true, timeouts: {implicit: 0, pageLoad: 300000, script: 30000}, unexpectedAlertBehaviour: ignore, unhandledPromptBehavior: ignore, version: 75.0.3770.100, webStorageEnabled: true}&#10;Session ID: 287bfb94ce6b228fe57bc41845d6a72d" type="org.openqa.selenium.StaleElementReferenceException">org.openqa.selenium.StaleElementReferenceException: 
stale element reference: element is not attached to the page document
  (Session info: chrome=75.0.3770.100)
  (Driver info: chromedriver=74.0.3729.6 (255758eccf3d244491b8a1317aa76e1ce10d57e9-refs/branch-heads/3729@{#29}),platform=Mac OS X 10.14.5 x86_64) (WARNING: The server did not provide any stacktrace information)
Command duration or timeout: 0 milliseconds
For documentation on this error, please visit: http://seleniumhq.org/exceptions/stale_element_reference.html
Build info: version: '3.14.0', revision: 'aacccce0', time: '2018-08-02T20:19:58.91Z'
System info: host: 'MBP-17-3435.local', ip: 'fe80:0:0:0:107a:786e:2749:1dca%en0', os.name: 'Mac OS X', os.arch: 'x86_64', os.version: '10.14.5', java.version: '12'
Driver info: org.openqa.selenium.chrome.ChromeDriver
Capabilities {acceptInsecureCerts: false, acceptSslCerts: false, applicationCacheEnabled: false, browserConnectionEnabled: false, browserName: chrome, chrome: {chromedriverVersion: 74.0.3729.6 (255758eccf3d24..., userDataDir: /var/folders/vg/t27wqr910qg...}, cssSelectorsEnabled: true, databaseEnabled: false, goog:chromeOptions: {debuggerAddress: localhost:57042}, handlesAlerts: true, hasTouchScreen: false, javascriptEnabled: true, locationContextEnabled: true, mobileEmulationEnabled: false, nativeEvents: true, networkConnectionEnabled: false, pageLoadStrategy: normal, platform: MAC, platformName: MAC, proxy: Proxy(), rotatable: false, setWindowRect: true, strictFileInteractability: false, takesHeapSnapshot: true, takesScreenshot: true, timeouts: {implicit: 0, pageLoad: 300000, script: 30000}, unexpectedAlertBehaviour: ignore, unhandledPromptBehavior: ignore, version: 75.0.3770.100, webStorageEnabled: true}
Session ID: 287bfb94ce6b228fe57bc41845d6a72d
	at Tests.DashboardTest.addActivity(DashboardTest.java:40)
</failure>
    <system-out><![CDATA[2019-Jun-27 19:00:27 PM [main] INFO  utilities.Log - I am in onTestSuccess() method: LoginWithValidCredentials succeed
2019-Jun-27 19:00:27 PM [main] INFO  utilities.Log - I am in After Method! Test is ending!
2019-Jun-27 19:00:28 PM [main] INFO  utilities.Log - I am in onFinish() method Test_1
2019-Jun-27 19:00:28 PM [main] INFO  utilities.Log - I am in onStart() method Test_2
2019-Jun-27 19:00:28 PM [main] INFO  utilities.Log - I am in Before Method! Test is starting!
2019-Jun-27 19:00:29 PM [main] INFO  utilities.Log - I am in onTestStart() method: addActivity started
]]></system-out>
    <system-err><![CDATA[Starting ChromeDriver 74.0.3729.6 (255758eccf3d244491b8a1317aa76e1ce10d57e9-refs/branch-heads/3729@{#29}) on port 21294
Only local connections are allowed.
Please protect ports used by ChromeDriver and related test frameworks to prevent access by malicious code.
[1561680029.443][WARNING]: This version of ChromeDriver has not been tested with Chrome version 75.
Jun 27, 2019 7:00:29 PM org.openqa.selenium.remote.ProtocolHandshake createSession
INFO: Detected dialect: OSS
]]></system-err>
  </testcase>
  <testcase name="addActivity" classname="Tests.DashboardTest" time="0.462">
    <failure message="expected [true] but found [false]" type="java.lang.AssertionError">java.lang.AssertionError: expected [true] but found [false]
	at Tests.DashboardTest.startLogin(DashboardTest.java:27)
	at Tests.DashboardTest.addActivity(DashboardTest.java:38)
</failure>
    <system-out><![CDATA[2019-Jun-27 19:00:41 PM [main] ERROR utilities.Log - I am in onTestFailure() method: addActivity failed
2019-Jun-27 19:00:43 PM [main] INFO  utilities.Log - I am in onTestStart() method: addActivity started
]]></system-out>
  </testcase>
  <testcase name="getColsSizeOfCalendar" classname="Tests.DashboardTest" time="0">
    <skipped/>
    <system-out><![CDATA[2019-Jun-27 19:00:43 PM [main] ERROR utilities.Log - I am in onTestFailure() method: addActivity failed
]]></system-out>
  </testcase>
  <testcase name="getDaysNameOfCalendar" classname="Tests.DashboardTest" time="0">
    <skipped/>
    <system-out><![CDATA[2019-Jun-27 19:00:44 PM [main] WARN  utilities.Log - I am in onTestSkipped() method: getColsSizeOfCalendar skipped
]]></system-out>
  </testcase>
  <testcase name="getCalendarMonthView" classname="Tests.DashboardTest" time="0">
    <skipped/>
    <system-out><![CDATA[2019-Jun-27 19:00:44 PM [main] WARN  utilities.Log - I am in onTestSkipped() method: getDaysNameOfCalendar skipped
]]></system-out>
  </testcase>
</testsuite>