<?xml version="1.0" encoding="UTF-8"?>
<testsuite xmlns:xsi="http://www.w3.org/2001/XMLSchema-instance" xsi:noNamespaceSchemaLocation="https://maven.apache.org/surefire/maven-surefire-plugin/xsd/surefire-test-report-3.0.xsd" version="3.0" name="TestSuite" time="57.032" tests="4" errors="0" skipped="0" failures="0">
  <properties>
[...]
</properties>
  <testcase name="LoginWithValidCredentials" classname="Tests.LoginTest" time="10.416"/>
  <testcase name="addActivity" classname="Tests.DashboardTest" time="12.7"/>
  <testcase name="getColsSizeOfCalendar" classname="Tests.DashboardTest" time="9.315"/>
  <testcase name="getDaysNameOfCalendar" classname="Tests.DashboardTest" time="16.82"/>
</testsuite>